[26Jun2024 19:14:32.481] [Datafixer Bootstrap/INFO] [com.mojang.datafixers.DataFixerBuilder/]: 192 Datafixer optimizations took 131 milliseconds
[26Jun2024 19:14:34.131] [Render thread/INFO] [com.mojang.authlib.yggdrasil.YggdrasilAuthenticationService/]: Environment: Environment[accountsHost=https://api.mojang.com, sessionHost=https://sessionserver.mojang.com, servicesHost=https://api.minecraftservices.com, name=PROD]
[26Jun2024 19:14:34.527] [Render thread/ERROR] [net.minecraft.client.Minecraft/]: Failed to verify authentication
com.mojang.authlib.exceptions.InvalidCredentialsException: Status: 401
	at com.mojang.authlib.exceptions.MinecraftClientHttpException.toAuthenticationException(MinecraftClientHttpException.java:59) ~[authlib-5.0.47.jar:?]
	at com.mojang.authlib.yggdrasil.YggdrasilUserApiService.fetchProperties(YggdrasilUserApiService.java:159) ~[authlib-5.0.47.jar:?]
	at com.mojang.authlib.yggdrasil.YggdrasilUserApiService.<init>(YggdrasilUserApiService.java:53) ~[authlib-5.0.47.jar:?]
	at com.mojang.authlib.yggdrasil.YggdrasilAuthenticationService.createUserApiService(YggdrasilAuthenticationService.java:55) ~[authlib-5.0.47.jar:?]
	at net.minecraft.client.Minecraft.createUserApiService(Minecraft.java:708) ~[main/:?]
	at net.minecraft.client.Minecraft.<init>(Minecraft.java:427) ~[main/:?]
	at net.minecraft.client.main.Main.main(Main.java:185) ~[main/:?]
Caused by: com.mojang.authlib.exceptions.MinecraftClientHttpException: Status: 401
	at com.mojang.authlib.minecraft.client.MinecraftClient.readInputStream(MinecraftClient.java:100) ~[authlib-5.0.47.jar:?]
	at com.mojang.authlib.minecraft.client.MinecraftClient.get(MinecraftClient.java:57) ~[authlib-5.0.47.jar:?]
	at com.mojang.authlib.yggdrasil.YggdrasilUserApiService.fetchProperties(YggdrasilUserApiService.java:130) ~[authlib-5.0.47.jar:?]
	... 5 more
[26Jun2024 19:14:34.535] [Render thread/INFO] [net.minecraft.client.Minecraft/]: Setting user: Player139
[26Jun2024 19:14:34.625] [Render thread/INFO] [net.minecraft.client.Minecraft/]: Backend library: LWJGL version 3.3.2+13
[26Jun2024 19:14:35.716] [Render thread/INFO] [net.minecraft.server.packs.resources.ReloadableResourceManager/]: Reloading ResourceManager: vanilla
[26Jun2024 19:14:35.779] [Render thread/INFO] [net.minecraft.server.LoggedPrintStream/]: [STDOUT]: -------------
INIT
-------------
[26Jun2024 19:14:35.817] [Worker-Main-8/INFO] [net.minecraft.client.gui.font.providers.UnihexProvider/]: Found unifont_all_no_pua-15.0.06.hex, loading
[26Jun2024 19:14:37.165] [Render thread/WARN] [net.minecraft.client.sounds.SoundEngine/]: Missing sound for event: minecraft:item.goat_horn.play
[26Jun2024 19:14:37.165] [Render thread/WARN] [net.minecraft.client.sounds.SoundEngine/]: Missing sound for event: minecraft:entity.goat.screaming.horn_break
[26Jun2024 19:14:37.240] [Render thread/INFO] [com.mojang.blaze3d.audio.Library/]: OpenAL initialized on device OpenAL Soft on Kopfhörer (SBKP 1 A1)
[26Jun2024 19:14:37.241] [Render thread/INFO] [net.minecraft.client.sounds.SoundEngine/SOUNDS]: Sound engine started
[26Jun2024 19:14:37.337] [Render thread/INFO] [net.minecraft.client.renderer.texture.TextureAtlas/]: Created: 1024x512x4 minecraft:textures/atlas/blocks.png-atlas
[26Jun2024 19:14:37.348] [Render thread/INFO] [net.minecraft.client.renderer.texture.TextureAtlas/]: Created: 256x256x4 minecraft:textures/atlas/signs.png-atlas
[26Jun2024 19:14:37.348] [Render thread/INFO] [net.minecraft.client.renderer.texture.TextureAtlas/]: Created: 512x512x4 minecraft:textures/atlas/shield_patterns.png-atlas
[26Jun2024 19:14:37.348] [Render thread/INFO] [net.minecraft.client.renderer.texture.TextureAtlas/]: Created: 512x512x4 minecraft:textures/atlas/banner_patterns.png-atlas
[26Jun2024 19:14:37.349] [Render thread/INFO] [net.minecraft.client.renderer.texture.TextureAtlas/]: Created: 1024x1024x4 minecraft:textures/atlas/armor_trims.png-atlas
[26Jun2024 19:14:37.351] [Render thread/INFO] [net.minecraft.client.renderer.texture.TextureAtlas/]: Created: 128x64x4 minecraft:textures/atlas/decorated_pot.png-atlas
[26Jun2024 19:14:37.352] [Render thread/INFO] [net.minecraft.client.renderer.texture.TextureAtlas/]: Created: 256x256x4 minecraft:textures/atlas/chest.png-atlas
[26Jun2024 19:14:37.352] [Render thread/INFO] [net.minecraft.client.renderer.texture.TextureAtlas/]: Created: 512x256x4 minecraft:textures/atlas/beds.png-atlas
[26Jun2024 19:14:37.352] [Render thread/INFO] [net.minecraft.client.renderer.texture.TextureAtlas/]: Created: 512x256x4 minecraft:textures/atlas/shulker_boxes.png-atlas
[26Jun2024 19:14:37.581] [Render thread/WARN] [net.minecraft.client.renderer.ShaderInstance/]: Shader rendertype_entity_translucent_emissive could not find sampler named Sampler2 in the specified shader program.
[26Jun2024 19:14:37.626] [Render thread/INFO] [net.minecraft.client.renderer.texture.TextureAtlas/]: Created: 256x256x0 minecraft:textures/atlas/particles.png-atlas
[26Jun2024 19:14:37.627] [Render thread/INFO] [net.minecraft.client.renderer.texture.TextureAtlas/]: Created: 256x256x0 minecraft:textures/atlas/paintings.png-atlas
[26Jun2024 19:14:37.628] [Render thread/INFO] [net.minecraft.client.renderer.texture.TextureAtlas/]: Created: 128x128x0 minecraft:textures/atlas/mob_effects.png-atlas
[26Jun2024 19:14:37.628] [Render thread/INFO] [net.minecraft.client.renderer.texture.TextureAtlas/]: Created: 1024x512x0 minecraft:textures/atlas/gui.png-atlas
[26Jun2024 19:14:37.685] [Render thread/INFO] [net.minecraft.server.LoggedPrintStream/]: [STDOUT]: -------------
LINIT
-------------
[26Jun2024 19:14:37.911] [IO-Worker-1/INFO] [com.mojang.realmsclient.client.RealmsClient/]: Could not authorize you against Realms server: Invalid session id
[26Jun2024 19:14:37.913] [IO-Worker-1/ERROR] [com.mojang.realmsclient.RealmsAvailability/]: Couldn't connect to realms
com.mojang.realmsclient.exception.RealmsServiceException: Realms authentication error with message 'Invalid session id'
	at com.mojang.realmsclient.client.RealmsClient.execute(RealmsClient.java:390) ~[main/:?]
	at com.mojang.realmsclient.client.RealmsClient.clientCompatible(RealmsClient.java:187) ~[main/:?]
	at com.mojang.realmsclient.RealmsAvailability.lambda$check$0(RealmsAvailability.java:43) ~[main/:?]
	at java.util.concurrent.CompletableFuture$AsyncSupply.run(CompletableFuture.java:1768) ~[?:?]
	at java.util.concurrent.ThreadPoolExecutor.runWorker(ThreadPoolExecutor.java:1136) ~[?:?]
	at java.util.concurrent.ThreadPoolExecutor$Worker.run(ThreadPoolExecutor.java:635) ~[?:?]
	at java.lang.Thread.run(Thread.java:833) ~[?:?]
[26Jun2024 19:14:38.694] [Render thread/WARN] [net.minecraft.client.renderer.texture.TextureManager/]: Failed to load texture: minecraft:textures/gui/title/background/background.png
java.io.FileNotFoundException: minecraft:textures/gui/title/background/background.png
	at net.minecraft.server.packs.resources.ResourceProvider.lambda$getResourceOrThrow$0(ResourceProvider.java:17) ~[main/:?]
	at java.util.Optional.orElseThrow(Optional.java:403) ~[?:?]
	at net.minecraft.server.packs.resources.ResourceProvider.getResourceOrThrow(ResourceProvider.java:16) ~[main/:?]
	at net.minecraft.client.renderer.texture.SimpleTexture$TextureImage.load(SimpleTexture.java:85) ~[main/:?]
	at net.minecraft.client.renderer.texture.SimpleTexture.getTextureImage(SimpleTexture.java:59) ~[main/:?]
	at net.minecraft.client.renderer.texture.SimpleTexture.load(SimpleTexture.java:29) ~[main/:?]
	at net.minecraft.client.renderer.texture.TextureManager.loadTexture(TextureManager.java:95) ~[main/:?]
	at net.minecraft.client.renderer.texture.TextureManager.register(TextureManager.java:65) ~[main/:?]
	at net.minecraft.client.renderer.texture.TextureManager.getTexture(TextureManager.java:118) ~[main/:?]
	at com.mojang.blaze3d.systems.RenderSystem._setShaderTexture(RenderSystem.java:822) ~[main/:?]
	at com.mojang.blaze3d.systems.RenderSystem.setShaderTexture(RenderSystem.java:814) ~[main/:?]
	at net.minecraft.client.gui.GuiGraphics.innerBlit(GuiGraphics.java:391) ~[main/:?]
	at net.minecraft.client.gui.GuiGraphics.blit(GuiGraphics.java:387) ~[main/:?]
	at net.minecraft.client.gui.GuiGraphics.blit(GuiGraphics.java:379) ~[main/:?]
	at net.minecraft.client.gui.screens.TitleScreen.render(TitleScreen.java:254) ~[main/:?]
	at net.minecraft.client.gui.screens.LoadingOverlay.render(LoadingOverlay.java:81) ~[main/:?]
	at net.minecraft.client.renderer.GameRenderer.render(GameRenderer.java:941) ~[main/:?]
	at net.minecraft.client.Minecraft.runTick(Minecraft.java:1196) ~[main/:?]
	at net.minecraft.client.Minecraft.run(Minecraft.java:777) ~[main/:?]
	at net.minecraft.client.main.Main.main(Main.java:221) ~[main/:?]
[26Jun2024 19:29:02.140] [Render thread/INFO] [net.minecraft.client.Minecraft/]: Stopping!
